<?xml version="1.0" encoding="UTF-8"?>
<testng-results ignored="0" total="1" passed="1" failed="0" skipped="0">
  <reporter-output>
  </reporter-output>
  <suite started-at="2024-10-06T00:45:06 MYT" name="Suite" finished-at="2024-10-06T00:45:11 MYT" duration-ms="5173">
    <groups>
      <group name="UAT">
        <method signature="Login.LoginTest(java.util.HashMap)[pri:0, instance:Automation.ClaimHub.Login@62010f5c]" name="LoginTest" class="Automation.ClaimHub.Login"/>
      </group> <!-- UAT -->
    </groups>
    <test started-at="2024-10-06T00:45:06 MYT" name="UAT Test Suite" finished-at="2024-10-06T00:45:11 MYT" duration-ms="4777">
      <class name="Automation.ClaimHub.Login">
        <test-method is-config="true" signature="launchApplication()[pri:0, instance:Automation.ClaimHub.Login@62010f5c]" started-at="2024-10-06T00:45:06 MYT" name="launchApplication" finished-at="2024-10-06T00:45:10 MYT" duration-ms="3319" status="PASS">
          <reporter-output>
          </reporter-output>
        </test-method> <!-- launchApplication -->
        <test-method signature="LoginTest(java.util.HashMap)[pri:0, instance:Automation.ClaimHub.Login@62010f5c]" started-at="2024-10-06T00:45:10 MYT" name="LoginTest" data-provider="getData" finished-at="2024-10-06T00:45:11 MYT" duration-ms="1018" status="PASS">
          <params>
            <param index="0">
              <value>
                <![CDATA[{password=Password123, username=student}]]>
              </value>
            </param>
          </params>
          <reporter-output>
          </reporter-output>
        </test-method> <!-- LoginTest -->
        <test-method is-config="true" signature="tearDown()[pri:0, instance:Automation.ClaimHub.Login@62010f5c]" started-at="2024-10-06T00:45:11 MYT" name="tearDown" finished-at="2024-10-06T00:45:11 MYT" duration-ms="202" status="PASS">
          <reporter-output>
          </reporter-output>
        </test-method> <!-- tearDown -->
      </class> <!-- Automation.ClaimHub.Login -->
    </test> <!-- UAT Test Suite -->
    <test started-at="2024-10-06T00:45:11 MYT" name="Regression Test Suite" finished-at="2024-10-06T00:45:11 MYT" duration-ms="0">
    </test> <!-- Regression Test Suite -->
  </suite> <!-- Suite -->
</testng-results>
